/*C2*/SET SCHEMA PUBLIC
CONNECT USER SA
SET AUTOCOMMIT FALSE
DELETE FROM BELEGUNG WHERE REIHEBEZ='reihe2' AND KATEGORIEBEZ='Premium Kategorie' AND SAALBEZ='Saal 9' AND ORTBEZ='INNSBRUCK LANDESTHEATER GR.SA' AND ORT='Tauplitz' AND DATUMUHRZEIT='1990-03-23 20:30:25.777000000'
INSERT INTO BELEGUNG VALUES('reihe2','Premium Kategorie','Saal 9','INNSBRUCK LANDESTHEATER GR.SA','Tauplitz','1990-03-23 20:30:25.777000000','FRRRFFFFFFFFFFFFF',14,3,0)
COMMIT
INSERT INTO TRANSAKTION VALUES('2009-06-15 10:31:05.354000000',5,14,FALSE,FALSE,10038,24,2,3,'bar','reihe2','Premium Kategorie','Saal 9','INNSBRUCK LANDESTHEATER GR.SA','Tauplitz','1990-03-23 20:30:25.777000000','INNSBRUCK LANDESTHEATER GR.SA','Tauplitz',NULL)
COMMIT
DELETE FROM BELEGUNG WHERE REIHEBEZ='reihe2' AND KATEGORIEBEZ='Premium Kategorie' AND SAALBEZ='Saal 9' AND ORTBEZ='INNSBRUCK LANDESTHEATER GR.SA' AND ORT='Tauplitz' AND DATUMUHRZEIT='1990-03-23 20:30:25.777000000'
INSERT INTO BELEGUNG VALUES('reihe2','Premium Kategorie','Saal 9','INNSBRUCK LANDESTHEATER GR.SA','Tauplitz','1990-03-23 20:30:25.777000000','FRRRFFFVVVFFFFFFF',11,3,3)
COMMIT
INSERT INTO TRANSAKTION VALUES('2009-06-15 10:31:14.591000000',5,14,TRUE,FALSE,10039,24,8,3,'bar','reihe2','Premium Kategorie','Saal 9','INNSBRUCK LANDESTHEATER GR.SA','Tauplitz','1990-03-23 20:30:25.777000000','INNSBRUCK LANDESTHEATER GR.SA','Tauplitz',NULL)
COMMIT
DELETE FROM TRANSAKTION WHERE DATUMUHRZEIT='2009-06-15 10:31:05.354000000' AND KUNDENNR=5 AND MITARBEITERNR=14
COMMIT
DELETE FROM BELEGUNG WHERE REIHEBEZ='reihe2' AND KATEGORIEBEZ='Premium Kategorie' AND SAALBEZ='Saal 9' AND ORTBEZ='INNSBRUCK LANDESTHEATER GR.SA' AND ORT='Tauplitz' AND DATUMUHRZEIT='1990-03-23 20:30:25.777000000'
INSERT INTO BELEGUNG VALUES('reihe2','Premium Kategorie','Saal 9','INNSBRUCK LANDESTHEATER GR.SA','Tauplitz','1990-03-23 20:30:25.777000000','FFFRFFFVVVFFFFFFF',13,1,3)
COMMIT
INSERT INTO TRANSAKTION VALUES('2009-06-15 10:31:32.431000000',5,14,FALSE,FALSE,10040,24,4,1,'bar','reihe2','Premium Kategorie','Saal 9','INNSBRUCK LANDESTHEATER GR.SA','Tauplitz','1990-03-23 20:30:25.777000000','INNSBRUCK LANDESTHEATER GR.SA','Tauplitz',NULL)
COMMIT
INSERT INTO BESTELLUNG VALUES('2009-06-15 10:33:46.663000000',6,5,5,'bar')
COMMIT
INSERT INTO BESTELLUNG VALUES('2009-06-15 10:33:46.741000000',8,5,5,'bar')
COMMIT
INSERT INTO BESTELLUNG VALUES('2009-06-15 10:33:46.788000000',10,5,4,'bar')
COMMIT
INSERT INTO TICKETCARD VALUES(102,'K','ghjgh','gdgh',NULL,'M','2007-06-08','','','','','',NULL,NULL)
INSERT INTO KUNDE VALUES(102,NULL,'456454654',FALSE,NULL,'2012-06-03',8080,NULL,0.5,'2009-06-15',FALSE,NULL,'Standard','')
COMMIT
INSERT INTO TICKETCARD VALUES(103,'K','ghjgh','gdgh',NULL,'M','2007-06-08','','','','','',NULL,NULL)
INSERT INTO KUNDE VALUES(103,NULL,'456454654',FALSE,NULL,'2012-06-03',8080,NULL,100,'2009-06-15',FALSE,NULL,'Standard','')
COMMIT
INSERT INTO TICKETCARD VALUES(104,'K','ghjgh','gdgh',NULL,'M','2007-06-08','','','','','',NULL,NULL)
INSERT INTO KUNDE VALUES(104,NULL,'456454654',FALSE,NULL,'2012-06-03',8080,NULL,110,'2009-06-15',FALSE,NULL,'Standard','')
COMMIT
DISCONNECT
