2010-12-07 02:38:37,165  SEVERE [com.gigaspaces.lrmi] - Failed to invoke one-way method: public abstract void net.jini.core.event.RemoteEventListener.notify(net.jini.core.event.RemoteEvent) throws net.jini.core.event.UnknownEventException,java.rmi.RemoteException; Caused by: com.gigaspaces.exception.lrmi.ApplicationException
Caused by: java.lang.NullPointerException
	at gui.panels.EventAdminPanel.buildGUI(EventAdminPanel.java:110)
	at gui.panels.EventAdminPanel.redraw(EventAdminPanel.java:225)
	at gui.tabs.OwnEventsTab.notify(OwnEventsTab.java:199)
	at gui.logic.NotificationListener.notify(NotificationListener.java:28)
	at com.j_spaces.core.client.RemoteEventListenerExporter$TransientDelegator.notify(RemoteEventListenerExporter.java:155)
	at net.jini.core.event.RemoteEventListenerGigaspacesMethodinternalInvoke0.internalInvoke(Unknown Source)
	at com.gigaspaces.internal.reflection.fast.AbstractMethod.invoke(AbstractMethod.java:34)
	at com.gigaspaces.lrmi.LRMIRuntime.invoked(LRMIRuntime.java:372)
	at com.gigaspaces.lrmi.nio.Pivot.consumeAndHandleRequest(Pivot.java:462)
	at com.gigaspaces.lrmi.nio.Pivot.handleRequest(Pivot.java:551)
	at com.gigaspaces.lrmi.nio.Pivot$ChannelEntryTask.run(Pivot.java:161)
	at java.util.concurrent.Executors$RunnableAdapter.call(Unknown Source)
	at java.util.concurrent.FutureTask$Sync.innerRun(Unknown Source)
	at java.util.concurrent.FutureTask.run(Unknown Source)
	at java.util.concurrent.ThreadPoolExecutor$Worker.runTask(Unknown Source)
	at java.util.concurrent.ThreadPoolExecutor$Worker.run(Unknown Source)
	at java.lang.Thread.run(Unknown Source)

2010-12-07 02:38:43,430  SEVERE [com.gigaspaces.lrmi] - Failed to invoke one-way method: public abstract void net.jini.core.event.RemoteEventListener.notify(net.jini.core.event.RemoteEvent) throws net.jini.core.event.UnknownEventException,java.rmi.RemoteException; Caused by: com.gigaspaces.exception.lrmi.ApplicationException
Caused by: java.lang.NullPointerException
	at gui.panels.EventAdminPanel.buildGUI(EventAdminPanel.java:110)
	at gui.panels.EventAdminPanel.redraw(EventAdminPanel.java:225)
	at gui.tabs.OwnEventsTab.notify(OwnEventsTab.java:199)
	at gui.logic.NotificationListener.notify(NotificationListener.java:28)
	at com.j_spaces.core.client.RemoteEventListenerExporter$TransientDelegator.notify(RemoteEventListenerExporter.java:155)
	at net.jini.core.event.RemoteEventListenerGigaspacesMethodinternalInvoke0.internalInvoke(Unknown Source)
	at com.gigaspaces.internal.reflection.fast.AbstractMethod.invoke(AbstractMethod.java:34)
	at com.gigaspaces.lrmi.LRMIRuntime.invoked(LRMIRuntime.java:372)
	at com.gigaspaces.lrmi.nio.Pivot.consumeAndHandleRequest(Pivot.java:462)
	at com.gigaspaces.lrmi.nio.Pivot.handleRequest(Pivot.java:551)
	at com.gigaspaces.lrmi.nio.Pivot$ChannelEntryTask.run(Pivot.java:161)
	at java.util.concurrent.Executors$RunnableAdapter.call(Unknown Source)
	at java.util.concurrent.FutureTask$Sync.innerRun(Unknown Source)
	at java.util.concurrent.FutureTask.run(Unknown Source)
	at java.util.concurrent.ThreadPoolExecutor$Worker.runTask(Unknown Source)
	at java.util.concurrent.ThreadPoolExecutor$Worker.run(Unknown Source)
	at java.lang.Thread.run(Unknown Source)

