2010-12-07 02:20:40,437  SEVERE [com.gigaspaces.lrmi] - Failed to invoke one-way method: public abstract void net.jini.core.event.RemoteEventListener.notify(net.jini.core.event.RemoteEvent) throws net.jini.core.event.UnknownEventException,java.rmi.RemoteException; Caused by: com.gigaspaces.exception.lrmi.ApplicationException
Caused by: java.lang.NullPointerException
	at dao.EventDao.findAllOwnEventsFromPeer(EventDao.java:95)
	at gui.tabs.OwnEventsTab.fillTable(OwnEventsTab.java:118)
	at gui.tabs.OwnEventsTab.notify(OwnEventsTab.java:195)
	at gui.logic.NotificationListener.notify(NotificationListener.java:28)
	at com.j_spaces.core.client.RemoteEventListenerExporter$TransientDelegator.notify(RemoteEventListenerExporter.java:155)
	at net.jini.core.event.RemoteEventListenerGigaspacesMethodinternalInvoke0.internalInvoke(Unknown Source)
	at com.gigaspaces.internal.reflection.fast.AbstractMethod.invoke(AbstractMethod.java:34)
	at com.gigaspaces.lrmi.LRMIRuntime.invoked(LRMIRuntime.java:372)
	at com.gigaspaces.lrmi.nio.Pivot.consumeAndHandleRequest(Pivot.java:462)
	at com.gigaspaces.lrmi.nio.Pivot.handleRequest(Pivot.java:551)
	at com.gigaspaces.lrmi.nio.Pivot$ChannelEntryTask.run(Pivot.java:161)
	at java.util.concurrent.Executors$RunnableAdapter.call(Unknown Source)
	at java.util.concurrent.FutureTask$Sync.innerRun(Unknown Source)
	at java.util.concurrent.FutureTask.run(Unknown Source)
	at java.util.concurrent.ThreadPoolExecutor$Worker.runTask(Unknown Source)
	at java.util.concurrent.ThreadPoolExecutor$Worker.run(Unknown Source)
	at java.lang.Thread.run(Unknown Source)

2010-12-07 02:20:40,455  SEVERE [com.gigaspaces.lrmi] - Failed to invoke one-way method: public abstract void net.jini.core.event.RemoteEventListener.notify(net.jini.core.event.RemoteEvent) throws net.jini.core.event.UnknownEventException,java.rmi.RemoteException; Caused by: com.gigaspaces.exception.lrmi.ApplicationException
Caused by: java.lang.NullPointerException
	at gui.tabs.InvitedEventsTab.deletePerformed(InvitedEventsTab.java:195)
	at gui.mem.GuiMemory.fireDeleteEvent(GuiMemory.java:43)
	at gui.tabs.NotificationTab.addToGuiList(NotificationTab.java:84)
	at gui.tabs.NotificationTab.notify(NotificationTab.java:169)
	at gui.logic.NotificationListener.notify(NotificationListener.java:28)
	at com.j_spaces.core.client.RemoteEventListenerExporter$TransientDelegator.notify(RemoteEventListenerExporter.java:155)
	at net.jini.core.event.RemoteEventListenerGigaspacesMethodinternalInvoke0.internalInvoke(Unknown Source)
	at com.gigaspaces.internal.reflection.fast.AbstractMethod.invoke(AbstractMethod.java:34)
	at com.gigaspaces.lrmi.LRMIRuntime.invoked(LRMIRuntime.java:372)
	at com.gigaspaces.lrmi.nio.Pivot.consumeAndHandleRequest(Pivot.java:462)
	at com.gigaspaces.lrmi.nio.Pivot.handleRequest(Pivot.java:551)
	at com.gigaspaces.lrmi.nio.Pivot$ChannelEntryTask.run(Pivot.java:161)
	at java.util.concurrent.Executors$RunnableAdapter.call(Unknown Source)
	at java.util.concurrent.FutureTask$Sync.innerRun(Unknown Source)
	at java.util.concurrent.FutureTask.run(Unknown Source)
	at java.util.concurrent.ThreadPoolExecutor$Worker.runTask(Unknown Source)
	at java.util.concurrent.ThreadPoolExecutor$Worker.run(Unknown Source)
	at java.lang.Thread.run(Unknown Source)

